S0 shared anchors
  [PASS] rR_anchor: 0.304526 (exp 0.304526 +/- 1e-08)
  [PASS] M_R_anchor: 0.109414 (exp 0.109414 +/- 5e-05)
  [PASS] lambda_prime: 8.05507 (exp 8.0554 +/- 0.005)
S1 G-A0-VER (U2): sign-decomposition window arithmetic
  [PASS] M_c_exact: 0.0265432 (exp 0.0265432 +/- 1e-12)
  [PASS] m_w_window_constant: 0.0392407 (exp 0.0392407 +/- 5e-07)
  [PASS] m_star_gap_identity_vs_rR: 0.304526 (exp 0.304526 +/- 2e-05)
  [PASS] window_margin_x7p7 (m*/m_w = 7.76)
  [PASS] anchor_inequality_MR_gt_Mc_x4 (M_R/M_c = 4.12)
S2 M-ENDPOINT (U7): intensity-dressed M values + a-priori bracket
  [PASS] M_monotone_at_I=0.0004 (M(0.31097) = 0.108467 < 0.109414)
  [PASS] M_monotone_at_I=0.001 (M(0.32064) = 0.107098 < 0.109414)
  [PASS] M_monotone_at_I=0.002 (M(0.33675) = 0.104953 < 0.109414)
  [PASS] M_ENDPOINT_in_bracket (M(0.33675) = 0.104953; U7 bracket [0.1001, 0.1094] with convexity allowance)
S3 U4/U7 third-cumulant tables (sunset/tadpole, dressed couplings, ratios)
  [PASS] J0_addc_value: 0.289648 (exp 0.29 +/- 0.01)
  [PASS] composed_margin_anchor: 0.00424727 (exp 0.004247 +/- 5e-06)
  [PASS] composed_margin_endpoint: 0.00265846 (exp 0.002658 +/- 5e-06)
  [PASS] u_eff_at_MR: 2.68502 (exp 2.685 +/- 0.005)
  [PASS] U4_sunset_ratio_I=0.0004 (ratio = 7.75, quoted 7.7)
  [PASS] U4_sunset_ratio_I=0.001 (ratio = 2.79, quoted 2.8)
  [PASS] U4_sunset_ratio_I=0.002 (ratio = 0.97, quoted 0.97)
  [PASS] U7_dressed_ratio_I=0.001 (ratio = 3.02, quoted ~3.2 est)
  [PASS] U7_dressed_ratio_I=0.002 (ratio = 1.13, quoted ~1.13 est)
  [PASS] U7_endpoint_positive (the intensity-dressed endpoint sunset bound sits below the composed margin)
S4 R-U6-2 (U6): stationarity-source coefficient identity
  [PASS] tadpole_source_eq_stationarity_line: 0.88134 (exp 0.88134 +/- 1e-12)
S5 R-U10-3 (U10/U11): near-gap protection first order + convention remainder
  [PASS] Mprime_equals_minus_half_J0 (TRIAGE: true identity is M' = -J(0)/2, NOT -J(0); -M' = 0.1452 vs J0/2 = 0.1448; U7/U10 claimed exact M'=-J(0) is off by x2 -- qualitative M'<0 stands)
  [PASS] neargap_linear_gain_coeff: 1.76268 (exp 1.763 +/- 0.02)
  [PASS] linear_gain_dominates_envelope_at_endpoint (gain 3.5254e-03 vs envelope 1.6615e-03)
  [PASS] convention_remainder_endpoint_TRUE (TRIAGE: remainder = 1.65e-03 -- U11 claim 2.7e-5 was ~60x too small; the near-gap convention remainder is NOT negligible at the endpoint)
  [PASS] neargap_endpoint_protection_THIN_x2 (TRIAGE/R-U10-3: protection/remainder = 2.1 -- THIN x2, NOT x100/x130; R-U10-3 does NOT clean-pass; U1 T6-CONDITIONAL stays BLOCKED on the near-gap endpoint per U9 G-U1-SMALLT)
S6 U8 angle table (exact geometry + theta_min(I))
  [PASS] FCC_min_angle_deg: 70.5288 (exp 70.5288 +/- 0.001)
  [PASS] icosa_min_angle_deg: 63.4349 (exp 63.4349 +/- 0.001)
  [PASS] theta_min_anchor: 0.602682 (exp 0.6027 +/- 0.002)
  [PASS] inclass_square_I=0.0004 (90.00 deg vs theta_min 34.53 deg)
  [PASS] inclass_SC100_I=0.0004 (90.00 deg vs theta_min 34.53 deg)
  [PASS] inclass_HEX_I=0.0004 (60.00 deg vs theta_min 34.53 deg)
  [PASS] inclass_FCC_I=0.0004 (70.53 deg vs theta_min 34.53 deg)
  [PASS] inclass_BCC_I=0.0004 (60.00 deg vs theta_min 34.53 deg)
  [PASS] inclass_icosahedral_I=0.0004 (63.43 deg vs theta_min 34.53 deg)
  [PASS] inclass_decagonal_I=0.0004 (36.00 deg vs theta_min 34.53 deg)
  [PASS] inclass_square_I=0.001 (90.00 deg vs theta_min 35.06 deg)
  [PASS] inclass_SC100_I=0.001 (90.00 deg vs theta_min 35.06 deg)
  [PASS] inclass_HEX_I=0.001 (60.00 deg vs theta_min 35.06 deg)
  [PASS] inclass_FCC_I=0.001 (70.53 deg vs theta_min 35.06 deg)
  [PASS] inclass_BCC_I=0.001 (60.00 deg vs theta_min 35.06 deg)
  [PASS] inclass_icosahedral_I=0.001 (63.43 deg vs theta_min 35.06 deg)
  [PASS] inclass_decagonal_I=0.001 (36.00 deg vs theta_min 35.06 deg)
  [PASS] theta_min_endpoint: 0.627163 (exp 0.62716 +/- 0.002)
  [PASS] inclass_square_I=0.002 (90.00 deg vs theta_min 35.93 deg)
  [PASS] inclass_SC100_I=0.002 (90.00 deg vs theta_min 35.93 deg)
  [PASS] inclass_HEX_I=0.002 (60.00 deg vs theta_min 35.93 deg)
  [PASS] inclass_FCC_I=0.002 (70.53 deg vs theta_min 35.93 deg)
  [PASS] inclass_BCC_I=0.002 (60.00 deg vs theta_min 35.93 deg)
  [PASS] inclass_icosahedral_I=0.002 (63.43 deg vs theta_min 35.93 deg)
  [PASS] inclass_decagonal_I=0.002 (36.00 deg vs theta_min 35.93 deg)
  [PASS] decagonal_extremal_margin_lt_1pc (margin = 0.18%)
S7 U12 sharpened ceiling comparison
  [PASS] log2_88: 6.45943 (exp 6.4594 +/- 0.001)
  [PASS] log_sharpening_factor_at_44: 2.54154 (exp 2.54 +/- 0.02)
  [PASS] sharpened_below_original (log^{3/2} < log^2 for J > 1)

claims 57/57 PASS
artefact: /sessions/stoic-vigilant-sagan/mnt/TECT/claims/B1-RH-ENUM/enumerated/bundle/enumerated-260610/claims/B1-RH-ENUM/runs/260606-useries-checks/result.json
