ROBUSTNESS-MU2: off-anchor sweep of the A=0 uniqueness inequalities
    mu^2       m*        M_R       m_w       m*/m_w   M_R/M_c   lambda'
    0.00125  0.30283  0.10967  0.03549    8.53    4.13    8.0799
    0.00140  0.30290  0.10966  0.03564    8.50    4.13    8.0789
    0.00157  0.30298  0.10965  0.03582    8.46    4.13    8.0777
    0.00177  0.30307  0.10963  0.03601    8.42    4.13    8.0764
    0.00198  0.30316  0.10962  0.03622    8.37    4.13    8.0750
    0.00223  0.30327  0.10960  0.03647    8.32    4.13    8.0734
    0.00250  0.30340  0.10958  0.03674    8.26    4.13    8.0716
    0.00281  0.30353  0.10956  0.03705    8.19    4.13    8.0696
    0.00315  0.30369  0.10954  0.03739    8.12    4.13    8.0673
    0.00354  0.30386  0.10951  0.03778    8.04    4.13    8.0648
    0.00397  0.30406  0.10948  0.03821    7.96    4.12    8.0619
    0.00445  0.30428  0.10945  0.03870    7.86    4.12    8.0587
    0.00500  0.30453  0.10941  0.03924    7.76    4.12    8.0551
    0.00561  0.30480  0.10937  0.03985    7.65    4.12    8.0510
    0.00630  0.30511  0.10933  0.04054    7.53    4.12    8.0465
    0.00707  0.30546  0.10927  0.04131    7.39    4.12    8.0414
    0.00794  0.30586  0.10921  0.04218    7.25    4.11    8.0357
    0.00891  0.30630  0.10915  0.04315    7.10    4.11    8.0293
    0.01000  0.30680  0.10908  0.04424    6.93    4.11    8.0222
    0.01122  0.30737  0.10899  0.04547    6.76    4.11    8.0141
    0.01260  0.30800  0.10890  0.04684    6.58    4.10    8.0051
    0.01414  0.30871  0.10880  0.04838    6.38    4.10    7.9950
    0.01587  0.30951  0.10868  0.05011    6.18    4.09    7.9837
    0.01782  0.31041  0.10855  0.05206    5.96    4.09    7.9709
    0.02000  0.31142  0.10840  0.05424    5.74    4.08    7.9566
  [PASS] MR_gt_Mc_all (M_R > M_c on [0.0013, 0.0200]: min ratio 4.08)
  [PASS] mstar_gt_mw_all (m* > m_w on the whole x4 neighbourhood: min ratio 5.74)
  [PASS] mu2_cancellation_identity [mu2=0.0013] (m*-m_w = 0.26734 = 3uM_R+15v(M_R^2-M_c^2) = 0.26734: mu^2 cancels)
  [PASS] mu2_cancellation_identity [mu2=0.0050] (m*-m_w = 0.26528 = 3uM_R+15v(M_R^2-M_c^2) = 0.26528: mu^2 cancels)
  [PASS] mu2_cancellation_identity [mu2=0.0200] (m*-m_w = 0.25718 = 3uM_R+15v(M_R^2-M_c^2) = 0.25718: mu^2 cancels)
  [PASS] robustness_radius_generous (m*/m_w > 2 AND M_R/M_c > 1.5 holds on mu^2 in [0.0010, 0.0500] = [0.20x, 10.00x] of the anchor)
  [PASS] lambda_smooth_monotone (lambda' decreases smoothly 8.080 -> 7.957 > 0 across x4: no sign change)
  [PASS] MR_smooth_monotone (M_R decreases monotonically 0.1097 -> 0.1084: smooth)
  [PASS] anchor_reproduces_certified (at mu^2=0.005: M_R=0.109414, m*=0.304526 match certified)

claims 9/9 PASS
