GHAT4-PERTRANSFER: endpoint dressing rhat=0.33675, a0=0.0957
    realized chords: t_min=0.4196 .. 2q0=1.3603 (q0=0.6802)
  [PASS] J_ratio_reproduces_note (J(0)/J(2q0) = 2.765 vs note 2.79; absolute J(0)=0.2565/J(2q0)=0.0928 are smaller than the note's anchor-dressing 0.290/0.104 because this is the ENDPOINT dressing rhat=0.3367 (J decreases with dressing); the convention-free RATIO is what enters Phi)
    t        Ghat4(t)/Ghat4(0)   J0/J(t)    Phi(t)
    0.4196      0.9576          1.136    1.0881
    0.4605      0.9492          1.164    1.1045
    0.5014      0.9401          1.193    1.1219
    0.5423      0.9303          1.226    1.1403
    0.5832      0.9199          1.261    1.1596
    0.6241      0.9088          1.298    1.1798
    0.6650      0.8972          1.338    1.2008
    0.7059      0.8851          1.381    1.2227
    0.7468      0.8724          1.428    1.2454
    0.7877      0.8592          1.477    1.2691
    0.8286      0.8456          1.530    1.2937
    0.8695      0.8315          1.587    1.3193
    0.9104      0.8170          1.648    1.3461
    0.9513      0.8022          1.713    1.3742
    0.9922      0.7870          1.784    1.4037
    1.0331      0.7716          1.860    1.4348
    1.0740      0.7558          1.942    1.4677
    1.1149      0.7399          2.031    1.5027
    1.1558      0.7237          2.128    1.5400
    1.1967      0.7074          2.234    1.5800
    1.2376      0.6909          2.349    1.6229
    1.2785      0.6744          2.475    1.6690
    1.3194      0.6577          2.613    1.7188
    1.3603      0.6411          2.765    1.7726
  [PASS] Phi_small_t_to_one (at t_min Ghat4 ratio 0.958 <= 1; Phi well-defined)
  [PASS] Ghat4_shape_below_ceiling (Ghat4(t)/Ghat4(0) <= 1 for all realized t: max 0.958 -- t=0 is the shape ceiling)
  [PASS] incompatible_pairing_confirmed (max_t Phi(t) = 1.773 (at t=1.3603) << Phi_sup = J0/J(2q0) = 2.765: the sup bound's max-Ghat4 x max-(1/J) pairing is incompatible; the realized ratio is far smaller)
    reduction = max Phi / Phi_sup = 0.641; R_max = 1.59 * 0.641 = 1.019
    quartic-difference endpoint inflation = 2.019; endpoint ratio = 2.6/2.019 = x1.29
  [PASS] per_transfer_R_below_threshold (R_max = 1.019 < 1.6: the quartic-difference inflation 1+R_max = 2.019 < 2.6, so the endpoint floor stays > x1.0; per-transfer endpoint ratio x1.29)
  [PASS] quartic_difference_endpoint_positive (quartic-difference endpoint ratio x1.29 > 1: GHAT4-PERTRANSFER resolved -- the sup-grade x1.0 MARGINAL was the incompatible-pairing artefact)
  [PASS] Ghat4_grid_converged (Ghat4(0) at nq=1400 vs 2000 agree to 0.00%: convolution quadrature converged)
    SCOPE: GHAT4-PERTRANSFER resolved (per-transfer shape). SC-SCOPE still needs
           R-U6-1 (tadpole) + the joint second+third-order endpoint inequality.

claims 7/7 PASS
