H-A0 removal: sign-decomposition (G-A0-VER)
  [PASS] M_c_closed_form (M_c = -u/(10v) = 0.0265432 = 43/1620)
  [PASS] m_w_window (m_w = mu2 + 15 v M_c^2 = 0.0392407)
  [PASS] gap_equation_g_at_mstar (g(m*) = 2.59e-14 ~ 0; m* = 0.304526)
  [PASS] H_ANCHOR_mstar_gt_mw (m* = 0.30453 > m_w = 0.03924: ratio x7.76)
  [PASS] anchor_MR_gt_Mc (M_R = 0.109414 > M_c = 0.026543: ratio x4.12)
  [PASS] L1_Mprime_negative (max M' over [0.020,0.609] = -5.24e-02 < 0)
  [PASS] m_c_above_mstar (m_c = 19.9609 > m* = 0.3045; M(m_c)=M_c)
  [PASS] m_c_above_mw (m_c = 19.9609 > m_w = 0.0392: needed for the L3 chain)
  [PASS] L2_g_decreasing_on_window (max g' on (0,m_c] = -1.0033 < 0; u_eff>=0, M'<0)
  [PASS] L3_closed_form_bound (g(m) < m_w - m for all m > m_c: e.g. g(19.981)=-20.0101 < -19.9416)
  [PASS] L3_g_negative_beyond_window (g < 0 for m > m_c since m_c > m_w; max = -20.0101)
  [PASS] F0prime_neg_below_mstar (F_0' < 0 on (0,m*): max = -1.61e-03)
  [PASS] F0prime_pos_above_mstar (F_0' > 0 on (m*,inf): min = 1.43e-03)
  [PASS] unique_min_at_mstar (F_0'(m*) = -1.94e-15 ~ 0: strict global minimum, H-A0 (U)+(Z) as theorem mod G-A0-DUI)
G-A0-DUI: differentiation under the integral (dominated convergence)
  [PASS] DUI_M_quadrature_matches [m=0.100] (radial quad 0.178711 vs M_fast 0.178518: agree to 0.11% -- independent-quadrature confirmation)
  [PASS] DUI_M_quadrature_matches [m=0.305] (radial quad 0.109628 vs M_fast 0.109414: agree to 0.19% -- independent-quadrature confirmation)
  [PASS] DUI_M_quadrature_matches [m=1.000] (radial quad 0.069115 vs M_fast 0.068891: agree to 0.32% -- independent-quadrature confirmation)
  [PASS] DUI_Mprime_formula_eq_FD [m=0.100] (-int k^2/D^2 = -0.82140 vs FD -0.82172: agree to 0.04%; both < 0 -- formula confirmed)
  [PASS] DUI_Mprime_formula_eq_FD [m=0.305] (-int k^2/D^2 = -0.14953 vs FD -0.15035: agree to 0.55%; both < 0 -- formula confirmed)
  [PASS] DUI_Mprime_formula_eq_FD [m=1.000] (-int k^2/D^2 = -0.02498 vs FD -0.02483: agree to 0.61%; both < 0 -- formula confirmed)
  [PASS] DUI_dominating_integrable (int g_m0 = 2.3628 < inf: k^-6 tail integrable, bounded near shell by m0^-2)
  [PASS] DUI_pointwise_domination (|d D^-1/dm| = D^-2 <= D(m0)^-2 pointwise for m=0.305 >= m0=0.05: max ratio 1.000 <= 1)
  [PASS] DUI_Mprime_strictly_negative (M'(m*) = -int k^2/D^2 < 0 strictly: integrand strictly positive => L1 rigorous, G-A0-DUI CLOSED)

claims 23/23 PASS

[STDERR]
/sessions/stoic-vigilant-sagan/mnt/TECT/claims/B2-PROPA-HLAYER/G-A0-DUI/bundle/g-a0-dui-260610/codes/vacuum/ha0_sign_decomposition.py:113: DeprecationWarning: `trapz` is deprecated. Use `trapezoid` instead, or one of the numerical integration functions in `scipy.integrate`.
  return np.trapz(integ, k) / (2.0 * np.pi**2)
