  [PASS] dF0_identity (dF(A=0)=0 exactly: 0.00e+00)
PART 1  amplitude-grid knob (dF>0 for A>0; unique minimum at A=0)
    reading   min_{A>0}@121  @241          @481          monotone(481)
    LAM      1.8778e-05    4.6942e-06    1.1735e-06    True
    HEX      9.3432e-06    2.3355e-06    5.8387e-07    True
    FCC      7.6245e-06    1.9058e-06    4.7644e-07    True
    BCC      5.4149e-06    1.3536e-06    3.3838e-07    True
  [PASS] no_condensate_all_grids (min_{A>0} dF > 0 for every reading at NG=121,241,481: no enumerated reading beats Reading-H on any amplitude grid)
  [PASS] unique_minimum_at_zero (dF strictly increasing on the valid prefix at the finest grid for every reading: the only minimum is A=0 = Reading-H, so the verdict is not an amplitude-grid artefact)
PART 2  curvature-chord continuum bound (no inter-node condensate on (0, A_max])
    reading   delta      M_max(|dF''|)  continuum lower bound   near-0 convex
    LAM      1.661e-03  1.2595e+02     +8.801083e-07          True
    HEX      6.763e-04  3.5826e+02     +4.378644e-07          True
    FCC      5.291e-04  5.2678e+02     +3.572888e-07          True
    BCC      3.641e-04  6.2901e+02     +2.537603e-07          True
  [PASS] near0_convex_all (dF'' > 0 across the first interior nodes for every reading: consistent with kappa_R>0, A=0 is a strict convex minimum)
  [PASS] continuum_no_condensate (curvature-chord bound min(v_i,v_{i+1}) - (1/8) M_i delta^2 > 0 on every A>0 interval for every reading: no condensate can hide BETWEEN grid nodes -- a continuum statement, not just grid)
PART 3  dI-quadrature knob (refine _QG from (6000,50) to (12000, 100.0))
    reading   kappa(6000)   kappa(12000)  d_kappa     min_{A>0} stays>0
    LAM      0.850966    0.850970    4.23e-06   True
    HEX      2.554165    2.554177    1.27e-05   True
    FCC      3.407767    3.407784    1.69e-05   True
    BCC      5.116247    5.116273    2.54e-05   True
  [PASS] dI_kappa_envelope_small (dI-grid refinement moves kappa_R by < 0.1% for every reading: kappa is controlled w.r.t. the dI knob as well as the M knob)
  [PASS] dI_verdict_robust (the no-condensate verdict min_{A>0} dF > 0 survives the refined dI grid for every reading)
PART 4  two-shell (0,0) Hessian (controlled-error; global no-condensate cited Math432)
    n1=6 ({110}) n2=3 ({200}); shells disjoint=True; kappa_12=0 (orthogonal)
    soft eigenvalue kappa_BCC=5.1162 (controlled-error); {200} penalty C*q0^4=0.2140>0
  [PASS] twoshell_shells_disjoint ({110} and {200} share no wavevector: <phi1 phi2>=0 exactly, so the quadratic cross-term kappa_12 vanishes and the (0,0) Hessian is diagonal)
  [PASS] twoshell_110_eigenvalue_positive (the {110} (0,0) eigenvalue = single-shell BCC curvature kappa_BCC=5.1162 > 0; the SOFT eigenvalue is kappa_{{200}}~3.86 -- see twoshell-continuum-bound v1.0, which corrects the soft direction)
  [PASS] twoshell_kernel_penalty_positive ({200} carries kernel penalty C*q0^4=0.2140 > 0 (one octave off the kernel minimum); NOTE this kernel offset does NOT order the curvatures -- twoshell-continuum-bound v1.0 finds kappa_{{200}}~3.86 < kappa_{{110}}~5.16 ({200} is SOFTER, fewer modes + dressing). Both eigenvalues > 0 so the (0,0) Hessian is PD)
  [PASS] twoshell_counts (shell pair-counts n1=6 ({110}), n2=3 ({200}) -- combinatorial inputs)
  [PASS] sanity_kappa_BCC_matches_enumerated (kappa_BCC=5.1162 reproduces estimator-upgrade-enumerated v1.0's 5.116)
  [PASS] sanity_cont_lb_below_minpos (the continuum lower bound is <= the grid min for every reading: the bound is conservative)

claims 13/13 PASS
