S1 anchor constants
  [PASS] rR_anchor: 0.304526 (exp 0.304526 +/- 1e-08)
  [PASS] M_R_anchor: 0.109414 (exp 0.109414 +/- 5e-05)
  [PASS] lambda_prime: 8.05507 (exp 8.0554 +/- 0.005)
  [PASS] lambda_prime_positive (lam=8.0551: pattern Hartree RAISES the diagonal)
  [PASS] 64Cq0^4: 13.6982 (exp 13.7 +/- 0.02)
S2 LAM calibration (Math434-audit Gershgorin cross-check)
  [PASS] r_hat_prime_LAM: 0.306132 (exp 0.30614 +/- 0.0005)
  [PASS] X_row_term1: 0.00262363 (exp 0.002633 +/- 2e-05)
  [PASS] X_row_term2: 0.000387905 (exp 0.0003893 +/- 4e-06)
  [PASS] X_norm_le_3.1e-3 (= 3.0115e-03)
S3 isotropic two-point integrals J(|t|)
  [PASS] J(0.5q0)_grid_converged (J=0.27293, rel drift 2.0e-07)
  [PASS] J(1.0q0)_grid_converged (J=0.21774, rel drift 9.8e-07)
  [PASS] J(sqrt2q0)_grid_converged (J=0.16909, rel drift 2.4e-06)
  [PASS] J(sqrt3q0)_grid_converged (J=0.13306, rel drift 4.2e-06)
  [PASS] J(2.0q0)_grid_converged (J=0.10424, rel drift 5.6e-06)
  [PASS] J_shell_estimate_brackets_Jmax (J_max=0.2729, shell est 0.1610)
S4 calibrated-region class bound (n_res=12, I<=I_cal)  [CALIBRATED, not derived: gap G1]
  [PASS] a_class<1 [I=4e-4 (4x LAM)] (a=0.143)
  [PASS] delta<margin [I=4e-4 (4x LAM)] (delta=2.380e-04, ratio=18.2x)
  [PASS] a_class<1 [I=1e-3 (10x LAM)] (a=0.347)
  [PASS] delta<margin [I=1e-3 (10x LAM)] (delta=1.953e-03, ratio=2.2x)
  [PASS] delta_LAM_far_below_margin (delta_LAM=6.74e-08, margin/100=4.32e-05)
S6 matching lemmas (Lemma C/D): exact transfer combinatorics, incl. adversarial rings
  [PASS] LemC_wmax<=2*lam*I [ring8] (w_max=3.222e-03, cap=6.444e-03, m_max=8)
  [PASS] LemC_multiplicity<=2n [ring8] (m_max=8, 2n=16)
  [PASS] LemD_l2<=8n(lam I)^2 [ring8] (sum_w2=1.220e-04, bound=6.644e-04)
  [PASS] LemCp_l1<=lam(4(sumA)^2-2I) [ring8] (l1=9.6661e-02, cap=9.6661e-02; equality iff no transfer coincidence)
  [PASS] l2_n-uniform_evidence<=16(lamI)^2 [ring8] (sum_w2/(lamI)^2=11.7 <= 16; EVIDENCE for G1-prime, not a theorem)
  [PASS] LemC_wmax<=2*lam*I [ring16] (w_max=3.222e-03, cap=6.444e-03, m_max=16)
  [PASS] LemC_multiplicity<=2n [ring16] (m_max=16, 2n=32)
  [PASS] LemD_l2<=8n(lam I)^2 [ring16] (sum_w2=1.337e-04, bound=1.329e-03)
  [PASS] LemCp_l1<=lam(4(sumA)^2-2I) [ring16] (l1=1.9977e-01, cap=1.9977e-01; equality iff no transfer coincidence)
  [PASS] l2_n-uniform_evidence<=16(lamI)^2 [ring16] (sum_w2/(lamI)^2=12.9 <= 16; EVIDENCE for G1-prime, not a theorem)
  [PASS] LemC_wmax<=2*lam*I [ring24] (w_max=3.222e-03, cap=6.444e-03, m_max=24)
  [PASS] LemC_multiplicity<=2n [ring24] (m_max=24, 2n=48)
  [PASS] LemD_l2<=8n(lam I)^2 [ring24] (sum_w2=1.376e-04, bound=1.993e-03)
  [PASS] LemCp_l1<=lam(4(sumA)^2-2I) [ring24] (l1=3.0287e-01, cap=3.0287e-01; equality iff no transfer coincidence)
  [PASS] l2_n-uniform_evidence<=16(lamI)^2 [ring24] (sum_w2/(lamI)^2=13.3 <= 16; EVIDENCE for G1-prime, not a theorem)
  [PASS] LemC_wmax<=2*lam*I [ring32] (w_max=3.222e-03, cap=6.444e-03, m_max=32)
  [PASS] LemC_multiplicity<=2n [ring32] (m_max=32, 2n=64)
  [PASS] LemD_l2<=8n(lam I)^2 [ring32] (sum_w2=1.395e-04, bound=2.658e-03)
  [PASS] LemCp_l1<=lam(4(sumA)^2-2I) [ring32] (l1=4.0598e-01, cap=4.0598e-01; equality iff no transfer coincidence)
  [PASS] l2_n-uniform_evidence<=16(lamI)^2 [ring32] (sum_w2/(lamI)^2=13.4 <= 16; EVIDENCE for G1-prime, not a theorem)
  [PASS] LemC_wmax<=2*lam*I [rand12] (w_max=5.370e-04, cap=6.444e-03, m_max=2)
  [PASS] LemC_multiplicity<=2n [rand12] (m_max=2, 2n=24)
  [PASS] LemD_l2<=8n(lam I)^2 [rand12] (sum_w2=7.786e-05, bound=9.966e-04)
  [PASS] LemCp_l1<=lam(4(sumA)^2-2I) [rand12] (l1=1.4821e-01, cap=1.4821e-01; equality iff no transfer coincidence)
  [PASS] l2_n-uniform_evidence<=16(lamI)^2 [rand12] (sum_w2/(lamI)^2=7.5 <= 16; EVIDENCE for G1-prime, not a theorem)
  [PASS] LemC_wmax<=2*lam*I [rand24] (w_max=2.685e-04, cap=6.444e-03, m_max=2)
  [PASS] LemC_multiplicity<=2n [rand24] (m_max=2, 2n=48)
  [PASS] LemD_l2<=8n(lam I)^2 [rand24] (sum_w2=8.046e-05, bound=1.993e-03)
  [PASS] LemCp_l1<=lam(4(sumA)^2-2I) [rand24] (l1=3.0287e-01, cap=3.0287e-01; equality iff no transfer coincidence)
  [PASS] l2_n-uniform_evidence<=16(lamI)^2 [rand24] (sum_w2/(lamI)^2=7.7 <= 16; EVIDENCE for G1-prime, not a theorem)
S7 closed-region theorem: n_max(I) from the l1 spectral-radius + l2 envelope
  n_max(I=1e-04) = 62
  n_max(I=2e-04) = 31
  n_max(I=4e-04) = 16
  n_max(I=1e-03) = 6
  n_max(I=2e-03) = 3
  [PASS] closed_region_covers_12mode_box (n_max(4e-4)=16 >= 12: earlier calibrated box is now DERIVED)
  [PASS] closed_region_nonempty_at_1e-3 (n_max(1e-3)=6)
  [PASS] nmax_monotone_in_I 
  [PASS] a_at_boundary<0.75 (a=0.738 at n=16)
S8 G1-prime: sphere additive energy — diagonal/off-diagonal split (Lemma E)
  [PASS] LemE_c<=4(phi+nu) [ring8] (c_meas=11.75 <= 4(phi=1.00+nu=8)=36.0)
  [PASS] LemE_c<=4(phi+nu) [ring16] (c_meas=12.87 <= 4(phi=1.00+nu=16)=68.0)
  [PASS] LemE_c<=4(phi+nu) [ring24] (c_meas=13.25 <= 4(phi=1.00+nu=24)=100.0)
  [PASS] LemE_c<=4(phi+nu) [ring32] (c_meas=13.44 <= 4(phi=1.00+nu=32)=132.0)
  [PASS] LemE_c<=4(phi+nu) [rand12] (c_meas=7.50 <= 4(phi=1.00+nu=2)=12.0)
  [PASS] transversal_nu*<=4 [rand12] (nu*=2: transversal patterns have O(1) translate overlap)
  [PASS] LemE_c<=4(phi+nu) [rand24] (c_meas=7.75 <= 4(phi=1.00+nu=2)=12.0)
  [PASS] transversal_nu*<=4 [rand24] (nu*=2: transversal patterns have O(1) translate overlap)
  [PASS] LemE_c<=4(phi+nu) [ring48] (c_meas=13.63 <= 4(phi=1.00+nu=48)=196.0)
  [PASS] LemE_c<=4(phi+nu) [ring64] (c_meas=13.72 <= 4(phi=1.00+nu=64)=260.0)
  [PASS] ring_c_saturates (c(n): 8:11.75, 16:12.87, 24:13.25, 32:13.44, 48:13.63, 64:13.72)
  [PASS] ring_c<=16_all (max ring c = 13.72; ring family handled by orbit/family route, since the sup-nu* route is loose there: vertical antipodal displacement gives nu*=n)
  [PASS] transversal_n-free_delta<margin [I=4e-04] (delta_E=3.31e-05, ratio=131x, a_E=0.143; n-FREE for nu*<=4, phi<=1)
  [PASS] transversal_n-free_delta<margin [I=1e-03] (delta_E=2.71e-04, ratio=16x, a_E=0.347; n-FREE for nu*<=4, phi<=1)
  [PASS] transversal_n-free_delta<margin [I=2e-03] (delta_E=2.10e-03, ratio=2x, a_E=0.663; n-FREE for nu*<=4, phi<=1)
S9 G1''(ring): exact orbit decomposition — closed-form c_ring(n)
  [PASS] ring_closed_form c(7): 7.14286 (exp 7.14286 +/- 1e-10)
  [PASS] ring_no_axial n=7 (odd n: no antipodal pair on the ring, no axial resonance)
  [PASS] ring_closed_form c(8): 11.75 (exp 11.75 +/- 1e-10)
  [PASS] ring_heavy_axial_pair n=8 (exactly two axial transfers t=(0,0,±2z) with w/lam = I)
  [PASS] ring_closed_form c(9): 7.33333 (exp 7.33333 +/- 1e-10)
  [PASS] ring_no_axial n=9 (odd n: no antipodal pair on the ring, no axial resonance)
  [PASS] ring_closed_form c(12): 12.5 (exp 12.5 +/- 1e-10)
  [PASS] ring_heavy_axial_pair n=12 (exactly two axial transfers t=(0,0,±2z) with w/lam = I)
  [PASS] ring_closed_form c(15): 7.6 (exp 7.6 +/- 1e-10)
  [PASS] ring_no_axial n=15 (odd n: no antipodal pair on the ring, no axial resonance)
  [PASS] ring_closed_form c(16): 12.875 (exp 12.875 +/- 1e-10)
  [PASS] ring_heavy_axial_pair n=16 (exactly two axial transfers t=(0,0,±2z) with w/lam = I)
  [PASS] ring_closed_form c(20): 13.1 (exp 13.1 +/- 1e-10)
  [PASS] ring_heavy_axial_pair n=20 (exactly two axial transfers t=(0,0,±2z) with w/lam = I)
  [PASS] ring_closed_form c(24): 13.25 (exp 13.25 +/- 1e-10)
  [PASS] ring_heavy_axial_pair n=24 (exactly two axial transfers t=(0,0,±2z) with w/lam = I)
  [PASS] ring_closed_form c(25): 7.76 (exp 7.76 +/- 1e-10)
  [PASS] ring_no_axial n=25 (odd n: no antipodal pair on the ring, no axial resonance)
  [PASS] ring_closed_form c(32): 13.4375 (exp 13.4375 +/- 1e-10)
  [PASS] ring_heavy_axial_pair n=32 (exactly two axial transfers t=(0,0,±2z) with w/lam = I)
  [PASS] ring_closed_form c(48): 13.625 (exp 13.625 +/- 1e-10)
  [PASS] ring_heavy_axial_pair n=48 (exactly two axial transfers t=(0,0,±2z) with w/lam = I)
  [PASS] ring_closed_form c(64): 13.7187 (exp 13.7188 +/- 1e-10)
  [PASS] ring_heavy_axial_pair n=64 (exactly two axial transfers t=(0,0,±2z) with w/lam = I)
  [PASS] ring_family_c<14_all_parities (even: 14-18/n < 14; odd: 8-6/n < 8 — closed-form, all n)
S10 closing sweep: row certificate, glue cross-overlap, G2 bookkeeping
  [PASS] G2_sextic_eps4_closed_region (eps4 = 60 v n I / lam = 0.150 at n=62, I=1e-4)
  [PASS] G2_sextic_eps4 [n=16,I=4e-04] (eps4=0.154)
  [PASS] G2_sextic_eps4 [n=6,I=1e-03] (eps4=0.145)
  [PASS] G2_twoshell_floor (D_floor(2nd shell)=0.5186 vs r_R=0.3045: x1.70 denominator suppression)
  [PASS] G2_sigma_in_lambda_prime: 8.05507 (exp 8.05507 +/- 1e-12)
  [PASS] row_provable_constant_fails [rand12] (a_provable=2.20 > 1 with the rigorous (1+nu) constant: the collar-ladder row route does NOT certify a<1; G1''(row) reduces to the tr X^4 / E_4 moment problem)
  [PASS] row_provable_constant_fails [rand24] (a_provable=4.68 > 1 with the rigorous (1+nu) constant: the collar-ladder row route does NOT certify a<1; G1''(row) reduces to the tr X^4 / E_4 moment problem)
  [PASS] row_scan_recorded [rand12] (EXPLORATORY sqrt-constant scan: a_scan=0.633; nu_off ladder [15, 23, 24, 24, 24, 24]; n=12; NOT a certificate — see row_provable_constant_fails)
  [PASS] row_scan_recorded [rand24] (EXPLORATORY sqrt-constant scan: a_scan=0.882; nu_off ladder [48, 48, 48, 48, 48, 48]; n=24; NOT a certificate — see row_provable_constant_fails)
  [PASS] row_scan_recorded [rand48] (EXPLORATORY sqrt-constant scan: a_scan=1.201; nu_off ladder [96, 96, 96, 96, 96, 96]; n=48; NOT a certificate — see row_provable_constant_fails)
  [PASS] row_ring_axial_exit [ring16] (nu_off=16=n via the axial sphere c*=2z: rings sit outside any collar-transversal class; covered by the exact ring route / closed region)
  [PASS] row_ring_axial_exit [ring32] (nu_off=32=n via the axial sphere c*=2z: rings sit outside any collar-transversal class; covered by the exact ring route / closed region)
  [PASS] row_scan_sqrtn_scaling (scan-level: a48/a12 = 1.88 ~ sqrt(48/12)=2.0; records the SHAPE the E_4 moment route must reproduce, no certification implied)
  [PASS] glue_nu_cross_ringA_ringB (nu_cross = 1: distinct circles overlap a translate in <= 4 points)
  [PASS] glue_nu_cross_ring_rand (nu_cross = 1)
  [PASS] glue_composite_certificate (measured c=9.27 <= certificate 34.23; within-exact + bilinear-between)
  [PASS] glue_composite_margin (composite measured c = 9.27)
S11 P^2-representation theorem: structural spectral floor (G1''-M4 closure)
  [PASS] a0_floor_I4e-4: 0.0207225 (exp 0.02071 +/- 5e-05)
  [PASS] P2_t0_dressing_2I [rand12]: 0.0008 (exp 0.0008 +/- 1e-12)
  [PASS] P2_offdiag_identity [rand12] (max |(a*a)(t) - w_t/lam| = 0.00e+00 over 288 transfers)
  [PASS] P2_t0_dressing_2I [ring16]: 0.0008 (exp 0.0008 +/- 1e-12)
  [PASS] P2_offdiag_identity [ring16] (max |(a*a)(t) - w_t/lam| = 0.00e+00 over 386 transfers)
  [PASS] spectral_floor [rand12] (min-eig section = -0.002590 >= -a0 = -0.020722; n=12)
  [PASS] spectral_floor [rand24] (min-eig section = -0.001295 >= -a0 = -0.020722; n=24)
  [PASS] spectral_floor [ring16] (min-eig section = -0.012304 >= -a0 = -0.020722; n=16)
  [PASS] spectral_floor [ring32] (min-eig section = -0.011333 >= -a0 = -0.020722; n=32)
  [PASS] spectral_floor [composite36] (min-eig section = -0.005468 >= -a0 = -0.020722; n=36)
  [PASS] spectral_floor [near_coincident12] (min-eig section = -0.002590 >= -a0 = -0.020722; n=12)
  [PASS] spectral_floor [rand12+composite-shell] (min-eig stressed section = -0.003424 >= -a0 = -0.020722; dim=75)
S11b enlarged closed region N_max(I) (structural floor + Lemma D)
    I=1e-04: a0=0.0053  N_max=12133
    I=2e-04: a0=0.0105  N_max=3017
    I=4e-04: a0=0.0207  N_max=746
    I=1e-03: a0=0.0502  N_max=115
    I=2e-03: a0=0.0957  N_max=27
  [PASS] Nmax_structural_I4e-4 (N_max(4e-4) = 746 vs Gershgorin-route 16: x46 enlargement)
  [PASS] Nmax_structural_I1e-3 (N_max(1e-3) = 115 vs 6)
  [PASS] Nmax_structural_I2e-3 (N_max(2e-3) = 27 vs 3)
S12 position-space structure, universal single-circle theorem, AE probes
  [PASS] parseval_F4_identity [rand12] (sum w^2/lam^2 = 1.2000e-06 vs <F^4>-4I^2 (MC) = 1.2061e-06: rel dev 0.5%)
  [PASS] parseval_F4_identity [ring16] (sum w^2/lam^2 = 2.0600e-06 vs <F^4>-4I^2 (MC) = 1.9046e-06: rel dev 7.5%)
  [PASS] single_circle_K14_random_amps (max K over 8 random-amplitude/height/n circles = 12.230 <= 14)
  [PASS] single_circle_K14_sharpness (equal-amplitude n=64 ring: K = 13.7187 -> 14 - 18/n: the constant 14 is SHARP)
  [PASS] circle_fiber_structure (max nonaxial fiber = 4 <= 4 ordered pairs; axial fiber = 20 <= 2n=40)
S12b coaxial-pair AE probe (K growth would falsify the absolute-K conjecture)
    coaxial 2x8: K = 9.875
    coaxial 2x16: K = 10.438
    coaxial 2x32: K = 10.719
  [PASS] coaxial_AE_bounded_probe (coaxial 2x32: K = 10.72 stays bounded — supports absolute-K; NOT a proof)
S13 antipodal-carrier partition, nu*=mu_C identity, coaxial-class closure
  [PASS] carrier_l1_exact [rand12]: 0.0184 (exp 0.0184 +/- 1e-12)
  [PASS] carrier_l2_exact [rand12]: 1.2e-06 (exp 1.2e-06 +/- 1e-15)
  [PASS] nu_star_equals_mu_circle [rand12] (nu* = 2 == mu_C = 2: shifted-shell overlaps ARE circles)
  [PASS] carrier_l1_exact [ring16]: 0.0248 (exp 0.0248 +/- 1e-12)
  [PASS] carrier_l2_exact [ring16]: 2.06e-06 (exp 2.06e-06 +/- 1e-15)
  [PASS] nu_star_equals_mu_circle [ring16] (nu* = 16 == mu_C = 16: shifted-shell overlaps ARE circles)
  [PASS] carrier_l1_exact [coax2x12]: 0.0376 (exp 0.0376 +/- 1e-12)
  [PASS] carrier_l2_exact [coax2x12]: 1.64e-06 (exp 1.64e-06 +/- 1e-15)
  [PASS] nu_star_equals_mu_circle [coax2x12] (nu* = 12 == mu_C = 12: shifted-shell overlaps ARE circles)
S13b coaxial closure constant + mirror classification
  [PASS] coaxial_K_bounded [distinct_radii] (K = 9.40 < 32; off-axis carrier max = 4 <= 4 ordered pairs)
  [PASS] mirror_config_nondegenerate (min pairwise distance = 0.2708: no duplicate points)
  [PASS] coaxial_K_bounded [equal_radius_mirror] (K = 10.73 < 32; off-axis carrier max = 4 ordered pairs; mirror carrier sits at s=0, excluded)
  [PASS] hgen2_falsified_recorded (H-GEN(2) is FALSE: non-cluster carrier max = 10 ordered pairs observed; K_mixed = 9.08 still < 32 — the K-bound survives, the naive hypothesis does not)
S14 rectangle reformulation, triple-count bound, AP-height coaxial audit
  [PASS] rectangle_split_exact [rand12]: 1.2e-06 (exp 1.2e-06 +/- 1e-15)
  [PASS] diagonal_part_le_8I2 [rand12] (diag = 7.667 I^2 <= 8 I^2; rectangles carry -0.167 I^2)
  [PASS] rectangle_split_exact [ring16]: 2.06e-06 (exp 2.06e-06 +/- 1e-15)
  [PASS] diagonal_part_le_8I2 [ring16] (diag = 7.750 I^2 <= 8 I^2; rectangles carry 5.125 I^2)
  [PASS] triple_count_cubic [rand16] (sum k^3 = 3872 vs C n^3 budget; R_ordered = 960 vs n^2.5 = 1024)
  [PASS] triple_count_cubic [ring16] (sum k^3 = 17312 vs C n^3 budget; R_ordered = 2304 vs n^2.5 = 1024)
  [PASS] triple_count_cubic [coax3x10] (sum k^3 = 25500 vs C n^3 budget; R_ordered = 4920 vs n^2.5 = 4929)
S14b AP-height coaxial stack: does K grow with the number of rings m?
    m=3 (AP heights, n=24): K = 9.250, off-axis carrier max pairs = 4
    m=5 (AP heights, n=40): K = 8.750, off-axis carrier max pairs = 4
    m=7 (AP heights, n=56): K = 8.536, off-axis carrier max pairs = 4
  [PASS] ap_height_coaxial_K_trend (K(m=3,5,7) = 9.25/8.75/8.54: bounded so far — but the v1.9 uniqueness step is REPAIRED to carry the height-sum multiplicity H* explicitly)
  [PASS] ap_height_coaxial_weighted (random-amplitude AP stack: K = 8.31 < 32)
S14c sqrt(n) rectangle corollary: upgraded closed region
    I=4e-04: K-budget = 5972  =>  N via sqrt(n)-corollary ~ 2.2e+06
  [PASS] Nmax_sqrtn_upgrade_I4e-4 (K-budget 5972: rectangle route closes n up to ~2.2e+06 at the anchor — kappa-balanced scope, prefactor measured)
    I=1e-03: K-budget = 927  =>  N via sqrt(n)-corollary ~ 5.3e+04
    I=2e-03: K-budget = 221  =>  N via sqrt(n)-corollary ~ 2.8e+03
S15 operator c_R derivation check, stereographic incidence route, scaling
  [PASS] operator_p3_bound [rand16] (sum p^3 = 3872 <= 7 N^3 = 229376; operator verdict-#9 constant verified)
  [PASS] operator_interpolation [rand16] (sum p^2 = 1952 <= sqrt(sum p * sum p^3) = 1960)
  [PASS] operator_p3_bound [ring16] (sum p^3 = 17312 <= 7 N^3 = 229376; operator verdict-#9 constant verified)
  [PASS] operator_interpolation [ring16] (sum p^2 = 3296 <= sqrt(sum p * sum p^3) = 4144)
  [PASS] operator_p3_bound [coax3x10] (sum p^3 = 25500 <= 7 N^3 = 1512000; operator verdict-#9 constant verified)
  [PASS] operator_interpolation [coax3x10] (sum p^2 = 8460 <= sqrt(sum p * sum p^3) = 9501)
  [PASS] operator_cR_rigorous: 14.9666 (exp 14.967 +/- 0.001)
  [PASS] operator_theorem_region_anchor (theorem-grade region with c_R = 4 sqrt(14): n <~ 1.59e+05 at I=4e-04)
    I=4e-04: theorem-grade n-reach (c_R rigorous) = 1.59e+05
    I=1e-03: theorem-grade n-reach (c_R rigorous) = 3.77e+03
    I=2e-03: theorem-grade n-reach (c_R rigorous) = 2.02e+02
  [PASS] stereographic_circles_preserved (projected ring circles are exact plane circles: residuals 3.5e-30, 1.2e-33)
S15b scaling of sum p^2 (worst families) — evidence for sharp O(n^2)
    ring: growth exponent of sum p^2 ~ n^2.06
    rand: growth exponent of sum p^2 ~ n^2.04
    coax: growth exponent of sum p^2 ~ n^2.08
  [PASS] sp2_growth_at_most_quadratic_observed (measured exponents {'ring': 2.06, 'rand': 2.04, 'coax': 2.08}: all ~ n^2, supporting the sharp O(n^2) conjecture; rigorous ceiling is n^{28/13} polylog via incidence)
S15c n-reach table: operator 4sqrt(14) sqrt-n | REPAIRED incidence n^{2/9} | sharp-conj log
    anchor: A (sqrt n, c_R=14.97): 1.59e+05 | B (n^{2/9} repaired, c=30): 2.20e+10 | C (log): conjectural
  [PASS] incidence_exponent_repaired_20_9 (dyadic optimization at N=4096: (pair+AS)/(N^(20/9) L) = 1.1 = O(1): exponent 20/9 verified; the v1.9.0 claim of 28/13 was WRONG — operator catch #7)
  [PASS] incidence_route_region_repaired (repaired reach 2.2e+10 modes at anchor — still far beyond the sqrt-n route; PROVISIONAL until the AS constant is pinned; tier basis remains the sqrt-n route)
S16 H-KBAL lift: unconditional amplitude theorem (dyadic classes)
  [PASS] hkbal_lift_unconditional_bound (worst measured sum w^2/(lam^2 I^2 sqrt n) = 0.03 over unbalanced powerlaw/exp/two-scale amplitudes on rand16/ring16/rand32 — far below the theorem ceiling C log^2 = 2929; the kappa-balance HYPOTHESIS is not load-bearing)
  [PASS] hkbal_lift_constant_recorded (explicit unconditional constant C = 64 sqrt(7) = 169.33; sharp-constant optimization registered as follow-up — ledger threshold unchanged)
  [PASS] bilinear_energy_CS (E(A,B) = 480 <= sqrt(E(A)E(B)) = 1154: the lift's bilinear step verified)
S17 H-ADM from TECT microphysics: coherence-resolution admissibility
    I        r_hat    xi      q0*xi  theta_min  n_adm(c=4pi/th^2)  K(4*n_adm)  K-budget
    4e-04  0.3110  2.439  1.659  0.603      34.6             184.1        5972
    1e-03  0.3206  2.402  1.634  0.612      33.6             181.4         927
    2e-03  0.3367  2.344  1.594  0.627      31.9             177.2         221
  [PASS] hadm_coh_closes [I=4e-04] (n_adm ~ 35 (x4 conservative: 138); K(4 n_adm) = 184 < budget 5972: margin ratio x32.4)
  [PASS] hadm_coh_closes [I=1e-03] (n_adm ~ 34 (x4 conservative: 134); K(4 n_adm) = 181 < budget 927: margin ratio x5.1)
  [PASS] hadm_coh_closes [I=2e-03] (n_adm ~ 32 (x4 conservative: 128); K(4 n_adm) = 177 < budget 221: margin ratio x1.2)
  [PASS] hadm_shell_softness (r_hat/(C q0^4) = 1.45: strongly dressed regime — the propagator is barely shell-peaked; coherent angular resolution is COARSE (theta_min ~ 0.6 rad), so the admissible independent-reading count is O(30), not O(1e5))
  [PASS] hadm_worst_intensity_margin (worst margin ratio over I = 4e-4/1e-3/2e-3 is x1.2: closure holds at ALL anchor intensities under H-ADM-COH, but the I=2e-3 corner is THIN (x1.2) under the x4-conservative packing — n_adm refinement (exact cap-packing constant + linewidth criterion) is registered as the de-thinning follow-up; at c_geo=1 the ratio is x2.4)
S18 indistinguishability lemma: sub-resolution restructuring is energy-faithful
  [PASS] F4_merged_6I2: 9.6e-07 (exp 9.6e-07 +/- 1e-12)
  [PASS] F4_split_pair_9I2: 1.44e-06 (exp 1.44e-06 +/- 1e-12)
  [PASS] F4_cluster_saturates_12I2 (<F^4> cluster(n=8) = 11.250 I^2 -> 12 I^2 saturation)
  [PASS] J0_finite (J(0) = 0.290: small-t fibers cost finite envelope weight)
    I        c_ind*I^2 (1st+2nd)   margin    ratio
    4e-04   4.812e-06            0.00432   x898
  [PASS] indistinguishability_margin [I=4e-04] (sub-resolution restructuring shifts F by <= 4.81e-06 = margin/x898: energy-faithful — cannot create a new competitor class)
    1e-03   3.097e-05            0.00432   x139
  [PASS] indistinguishability_margin [I=1e-03] (sub-resolution restructuring shifts F by <= 3.10e-05 = margin/x139: energy-faithful — cannot create a new competitor class)
    2e-03   1.299e-04            0.00432   x33
  [PASS] indistinguishability_margin [I=2e-03] (sub-resolution restructuring shifts F by <= 1.30e-04 = margin/x33: energy-faithful — cannot create a new competitor class)
S18b de-thinned closure: n_pack = 16/theta^2 (lemma-backed, no x4 overcount)
    I=4e-04: n_pack = 44  K = 107  budget = 5972  ratio x55.6
  [PASS] dethinned_closure [I=4e-04] (n_pack = 44; K = 107 vs budget 5972: margin x55.6 — the thin x1.2 corner of AddB is de-thinned by the lemma-backed packing)
    I=1e-03: n_pack = 43  K = 106  budget = 927  ratio x8.8
  [PASS] dethinned_closure [I=1e-03] (n_pack = 43; K = 106 vs budget 927: margin x8.8 — the thin x1.2 corner of AddB is de-thinned by the lemma-backed packing)
    I=2e-03: n_pack = 41  K = 103  budget = 221  ratio x2.1
  [PASS] dethinned_closure [I=2e-03] (n_pack = 41; K = 103 vs budget 221: margin x2.1 — the thin x1.2 corner of AddB is de-thinned by the lemma-backed packing)
S19 cross-reading audit: splitting whole patterns is energy-faithful
  [PASS] cross_audit_split_all [rand6] (splitting ALL 6 readings 3-fold: Delta E = +0.667 I^2 <= 7 I^2 — within the saturation budget 6 I^2 + cross slack; cross-recombination does not amplify)
  [PASS] cross_audit_split_all [rand10] (splitting ALL 10 readings 3-fold: Delta E = +0.400 I^2 <= 7 I^2 — within the saturation budget 6 I^2 + cross slack; cross-recombination does not amplify)
  [PASS] l1_identity_under_splitting [base6]: 0.0088 (exp 0.0088 +/- 1e-12)
  [PASS] l1_identity_under_splitting [split18]: 0.028 (exp 0.028 +/- 1e-12)
S20 polish: c_cross analytic pin (curvature kills alignment) + endpoint hardening
  [PASS] ccross_curvature_splits_alignment (adversarial aligned-AP caps: max EXACT fiber multiplicity = 2 <= 4 (the trivial ordering/sign degeneracies): curvature splits cross alignment — NO recombination pumping; c_cross-excess = 0 for non-co-circular clusters)
  [PASS] ccross_cocircular_absorbed_by_14 (co-circular: exact multiplicity 6 > 4 EXISTS, but energy K = 12.20 < 14: the universal single-circle theorem absorbs exactly the configurations where recombination is possible — c_total <= 6 (within-cap) + 14 (co-circular) = 20, depth-free)
S20b endpoint hardening: criterion band + minimum-transfer J refinement
    I=4e-04 [conservative 1/(q0 xi)]: theta=0.603 n_pack=44 J_eff=0.256 margin x59.4
    I=4e-04 [pi-phase]: theta=1.893 n_pack=4 J_eff=0.141 margin x290.9
    I=2e-03 [conservative 1/(q0 xi)]: theta=0.627 n_pack=41 J_eff=0.226 margin x2.6
    I=2e-03 [pi-phase]: theta=1.970 n_pack=4 J_eff=0.124 margin x12.7
  [PASS] endpoint_hardened_floor (endpoint I=2e-3, conservative criterion + J-refinement: margin x2.6 (was x2.1 with J_max); pi-phase end of the band: x12.7 — the conservative end is the FLOOR, criterion ambiguity only thickens it)
S5 artefact
claims 192/192 PASS
